<?xml version="1.0" encoding="UTF-8"?>
<testng-results ignored="1" total="2" passed="1" failed="0" skipped="0">
  <reporter-output>
  </reporter-output>
  <suite started-at="2025-08-26T10:05:06 IST" name="Suite" finished-at="2025-08-26T10:05:17 IST" duration-ms="11256">
    <groups>
      <group name="regression">
        <method signature="ManagementNewsTest.manageNews()[pri:0, instance:demopackage.ManagementNewsTest@327514f]" name="manageNews" class="demopackage.ManagementNewsTest"/>
      </group> <!-- regression -->
    </groups>
    <test started-at="2025-08-26T10:05:06 IST" name="Test" finished-at="2025-08-26T10:05:17 IST" duration-ms="11256">
      <class name="demopackage.ManagementNewsTest">
        <test-method is-config="true" signature="browserIntialization(java.lang.String)[pri:0, instance:demopackage.ManagementNewsTest@327514f]" started-at="2025-08-26T10:05:06 IST" name="browserIntialization" finished-at="2025-08-26T10:05:12 IST" duration-ms="5765" status="PASS">
          <params>
            <param index="0">
              <value>
                <![CDATA[chrome]]>
              </value>
            </param>
          </params>
          <reporter-output>
          </reporter-output>
        </test-method> <!-- browserIntialization -->
        <test-method signature="manageNews()[pri:0, instance:demopackage.ManagementNewsTest@327514f]" started-at="2025-08-26T10:05:12 IST" name="manageNews" finished-at="2025-08-26T10:05:17 IST" duration-ms="5182" status="PASS">
          <reporter-output>
          </reporter-output>
        </test-method> <!-- manageNews -->
        <test-method is-config="true" signature="browserQuit(org.testng.ITestResult)[pri:0, instance:demopackage.ManagementNewsTest@327514f]" started-at="2025-08-26T10:05:17 IST" name="browserQuit" finished-at="2025-08-26T10:05:17 IST" duration-ms="248" status="PASS">
          <params>
            <param index="0">
              <value>
                <![CDATA[[TestResult name=manageNews status=SUCCESS method=ManagementNewsTest.manageNews()[pri:0, instance:demopackage.ManagementNewsTest@327514f] output={null}]]]>
              </value>
            </param>
          </params>
          <reporter-output>
          </reporter-output>
        </test-method> <!-- browserQuit -->
      </class> <!-- demopackage.ManagementNewsTest -->
    </test> <!-- Test -->
  </suite> <!-- Suite -->
</testng-results>
